<?xml version="1.0" encoding="UTF-8" ?>
<testsuite errors="0" failures="1" hostname="new-host.home" name="gtunes.AlbumTests" tests="1" time="0.136" timestamp="2013-07-21T03:46:30">
  <properties />
  <testcase classname="gtunes.AlbumTests" name="testSomething" time="0.051">
    <failure message="junit.framework.AssertionFailedError: Implement me" type="junit.framework.AssertionFailedError">junit.framework.AssertionFailedError: junit.framework.AssertionFailedError: Implement me
	at gtunes.AlbumTests.testSomething(AlbumTests.groovy:15)
</failure>
  </testcase>
  <system-out><![CDATA[--Output from testSomething--
]]></system-out>
  <system-err><![CDATA[--Output from testSomething--
]]></system-err>
</testsuite>
