<?xml version="1.0" encoding="UTF-8" ?>
<testsuite errors="0" failures="0" hostname="new-host.home" name="gtunes.StoreControllerTests" tests="1" time="0.19" timestamp="2013-07-21T03:46:31">
  <properties />
  <testcase classname="gtunes.StoreControllerTests" name="testSomething" time="0.188" />
  <system-out><![CDATA[--Output from testSomething--
]]></system-out>
  <system-err><![CDATA[--Output from testSomething--
]]></system-err>
</testsuite>
